/bin/bash: line 1: src/run.sh: Permission denied

------------------------------------------------------------
Sender: LSF System <lsfadmin@hpc.dtu.dk>
Subject: Job 24864294: <NONAME> in cluster <dcc> Exited

Job <NONAME> was submitted from host <n-62-20-9> by user <s185927> in cluster <dcc> at Fri May  2 16:02:23 2025
Job was executed on host(s) <n-62-11-61>, in queue <hpc>, as user <s185927> in cluster <dcc> at Fri May  2 16:02:24 2025
</zhome/e3/3/139772> was used as the home directory.
</zhome/e3/3/139772/Desktop/AML/AML/Module_3/AML-Project-3> was used as the working directory.
Started at Fri May  2 16:02:24 2025
Terminated at Fri May  2 16:02:25 2025
Results reported at Fri May  2 16:02:25 2025

Your job looked like:

------------------------------------------------------------
# LSBATCH: User input
src/run.sh
------------------------------------------------------------

Exited with exit code 126.

Resource usage summary:

    CPU time :                                   0.30 sec.
    Max Memory :                                 -
    Average Memory :                             -
    Total Requested Memory :                     1024.00 MB
    Delta Memory :                               -
    Max Swap :                                   -
    Max Processes :                              -
    Max Threads :                                -
    Run time :                                   84 sec.
    Turnaround time :                            2 sec.

The output (if any) is above this job summary.

