Loaded 171 training hashes.
Epoch 0001 │ loss=2.4256 │ lr=1.0e-03
Epoch 0005 │ loss=1.5366 │ lr=1.0e-03
Epoch 0010 │ loss=1.4791 │ lr=1.0e-03
Epoch 0015 │ loss=1.4502 │ lr=1.0e-03
Epoch 0020 │ loss=1.4397 │ lr=1.0e-03
Epoch 0025 │ loss=1.4271 │ lr=1.0e-03
Epoch 0030 │ loss=1.4197 │ lr=1.0e-03
Epoch 0035 │ loss=1.4166 │ lr=1.0e-03
Epoch 0040 │ loss=1.4141 │ lr=1.0e-03
Epoch 0045 │ loss=1.4064 │ lr=1.0e-03
Epoch 0050 │ loss=1.4031 │ lr=1.0e-03
Epoch 0055 │ loss=1.2554 │ lr=1.0e-03
Epoch 0060 │ loss=1.2211 │ lr=1.0e-03
Epoch 0065 │ loss=1.2152 │ lr=1.0e-03
Epoch 0070 │ loss=1.2096 │ lr=1.0e-03
Epoch 0075 │ loss=1.1889 │ lr=1.0e-03
Epoch 0080 │ loss=1.1730 │ lr=1.0e-03
Epoch 0085 │ loss=1.1196 │ lr=1.0e-03
Epoch 0090 │ loss=1.1262 │ lr=1.0e-03
Epoch 0095 │ loss=1.1119 │ lr=1.0e-03
Epoch 0100 │ loss=1.1128 │ lr=5.0e-04
Epoch 0105 │ loss=1.1123 │ lr=5.0e-04
Epoch 0110 │ loss=1.0996 │ lr=5.0e-04
Epoch 0115 │ loss=1.1028 │ lr=5.0e-04
Epoch 0120 │ loss=1.1004 │ lr=5.0e-04
Epoch 0125 │ loss=1.1057 │ lr=5.0e-04
Epoch 0130 │ loss=1.1061 │ lr=5.0e-04
Epoch 0135 │ loss=1.1035 │ lr=5.0e-04
Epoch 0140 │ loss=1.1110 │ lr=5.0e-04
Epoch 0145 │ loss=1.0959 │ lr=5.0e-04
Epoch 0150 │ loss=1.1039 │ lr=5.0e-04
Epoch 0155 │ loss=1.0975 │ lr=5.0e-04
Epoch 0160 │ loss=1.0948 │ lr=5.0e-04
Epoch 0165 │ loss=1.1001 │ lr=5.0e-04
Epoch 0170 │ loss=1.0917 │ lr=5.0e-04
Epoch 0175 │ loss=1.0969 │ lr=5.0e-04
Epoch 0180 │ loss=1.1036 │ lr=5.0e-04
Epoch 0185 │ loss=1.1021 │ lr=5.0e-04
Epoch 0190 │ loss=1.0919 │ lr=5.0e-04
Epoch 0195 │ loss=1.1067 │ lr=5.0e-04
Epoch 0200 │ loss=1.1018 │ lr=2.5e-04
Epoch 0205 │ loss=1.0805 │ lr=2.5e-04
Epoch 0210 │ loss=1.0564 │ lr=2.5e-04
Epoch 0215 │ loss=1.0723 │ lr=2.5e-04
Epoch 0220 │ loss=1.0725 │ lr=2.5e-04
Epoch 0225 │ loss=1.0702 │ lr=2.5e-04
Epoch 0230 │ loss=1.0408 │ lr=2.5e-04
Epoch 0235 │ loss=1.0421 │ lr=2.5e-04
Epoch 0240 │ loss=1.0207 │ lr=2.5e-04
Epoch 0245 │ loss=1.0211 │ lr=2.5e-04
Epoch 0250 │ loss=1.0176 │ lr=2.5e-04
Epoch 0255 │ loss=1.0089 │ lr=2.5e-04
Epoch 0260 │ loss=1.0022 │ lr=2.5e-04
Epoch 0265 │ loss=1.0152 │ lr=2.5e-04
Epoch 0270 │ loss=0.9809 │ lr=2.5e-04
Epoch 0275 │ loss=0.9966 │ lr=2.5e-04
Epoch 0280 │ loss=0.9976 │ lr=2.5e-04
Epoch 0285 │ loss=0.9952 │ lr=2.5e-04
Epoch 0290 │ loss=0.9832 │ lr=2.5e-04
Epoch 0295 │ loss=0.9946 │ lr=2.5e-04
Epoch 0300 │ loss=0.9745 │ lr=1.3e-04
Epoch 0305 │ loss=0.9838 │ lr=1.3e-04
Epoch 0310 │ loss=0.9787 │ lr=1.3e-04
Epoch 0315 │ loss=0.9737 │ lr=1.3e-04
Epoch 0320 │ loss=0.9821 │ lr=1.3e-04
Epoch 0325 │ loss=0.9778 │ lr=1.3e-04
Epoch 0330 │ loss=0.9728 │ lr=1.3e-04
Epoch 0335 │ loss=0.9781 │ lr=1.3e-04
Epoch 0340 │ loss=0.9820 │ lr=1.3e-04
Epoch 0345 │ loss=0.9809 │ lr=1.3e-04
Epoch 0350 │ loss=0.9713 │ lr=1.3e-04
Epoch 0355 │ loss=0.9854 │ lr=1.3e-04
Epoch 0360 │ loss=0.9611 │ lr=1.3e-04
Epoch 0365 │ loss=0.9741 │ lr=1.3e-04
Epoch 0370 │ loss=0.9576 │ lr=1.3e-04
Epoch 0375 │ loss=0.9699 │ lr=1.3e-04
Epoch 0380 │ loss=0.9773 │ lr=1.3e-04
Epoch 0385 │ loss=0.9756 │ lr=1.3e-04
Epoch 0390 │ loss=0.9640 │ lr=1.3e-04
Epoch 0395 │ loss=0.9620 │ lr=1.3e-04
Epoch 0400 │ loss=0.9888 │ lr=6.3e-05
Epoch 0405 │ loss=0.9680 │ lr=6.3e-05
Epoch 0410 │ loss=0.9722 │ lr=6.3e-05
Epoch 0415 │ loss=0.9712 │ lr=6.3e-05
Epoch 0420 │ loss=0.9719 │ lr=6.3e-05
Epoch 0425 │ loss=0.9692 │ lr=6.3e-05
Epoch 0430 │ loss=0.9558 │ lr=6.3e-05
Epoch 0435 │ loss=0.9704 │ lr=6.3e-05
Epoch 0440 │ loss=0.9620 │ lr=6.3e-05
Epoch 0445 │ loss=0.9812 │ lr=6.3e-05
Epoch 0450 │ loss=0.9532 │ lr=6.3e-05
Epoch 0455 │ loss=0.9624 │ lr=6.3e-05
Epoch 0460 │ loss=0.9661 │ lr=6.3e-05
Epoch 0465 │ loss=0.9644 │ lr=6.3e-05
Epoch 0470 │ loss=0.9536 │ lr=6.3e-05
Epoch 0475 │ loss=0.9532 │ lr=6.3e-05
Epoch 0480 │ loss=0.9679 │ lr=6.3e-05
Epoch 0485 │ loss=0.9614 │ lr=6.3e-05
Epoch 0490 │ loss=0.9501 │ lr=6.3e-05
Epoch 0495 │ loss=0.9543 │ lr=6.3e-05
Epoch 0500 │ loss=0.9719 │ lr=3.1e-05
✅  Model saved to ./experiments/gnn_hd64_ld32_nr5_ep500/model.pt
📈  Loss curve saved to vgae_loss.png
Novel: 100.00% (Baseline), 100.00% (VGAE)
Unique: 100.00% (Baseline), 100.00% (VGAE)
Novel and Unique: 100.00% (Baseline), 100.00% (VGAE)
Computing node-level statistics...
Computing node-level statistics...
Computing node-level statistics...
