Loaded 139 training hashes.
Epoch 0001 │ loss=1.3852 │ lr=1.0e-03
Epoch 0020 │ loss=0.8362 │ lr=1.0e-03
Epoch 0040 │ loss=0.7808 │ lr=1.0e-03
Epoch 0060 │ loss=0.7636 │ lr=1.0e-03
Epoch 0080 │ loss=0.7651 │ lr=1.0e-03
Epoch 0100 │ loss=0.7441 │ lr=5.0e-04
Epoch 0120 │ loss=0.7243 │ lr=5.0e-04
Epoch 0140 │ loss=0.7083 │ lr=5.0e-04
Epoch 0160 │ loss=0.7062 │ lr=5.0e-04
Epoch 0180 │ loss=0.7108 │ lr=5.0e-04
Epoch 0200 │ loss=0.6766 │ lr=2.5e-04
Epoch 0220 │ loss=0.6986 │ lr=2.5e-04
Epoch 0240 │ loss=0.6702 │ lr=2.5e-04
Epoch 0260 │ loss=0.6801 │ lr=2.5e-04
Epoch 0280 │ loss=0.6686 │ lr=2.5e-04
Epoch 0300 │ loss=0.6795 │ lr=1.3e-04
Epoch 0320 │ loss=0.6641 │ lr=1.3e-04
Epoch 0340 │ loss=0.6718 │ lr=1.3e-04
Epoch 0360 │ loss=0.6713 │ lr=1.3e-04
Epoch 0380 │ loss=0.6691 │ lr=1.3e-04
Epoch 0400 │ loss=0.6673 │ lr=6.3e-05
Epoch 0420 │ loss=0.6750 │ lr=6.3e-05
Epoch 0440 │ loss=0.6626 │ lr=6.3e-05
Epoch 0460 │ loss=0.6792 │ lr=6.3e-05
Epoch 0480 │ loss=0.6551 │ lr=6.3e-05
Epoch 0500 │ loss=0.6526 │ lr=3.1e-05
✅  Model saved to vgae_mutag.pt
📈  Loss curve saved to vgae_loss.png
Novel: 100.00% (Baseline), 100.00% (VGAE)
Unique: 100.00% (Baseline), 100.00% (VGAE)
Novel and Unique: 100.00% (Baseline), 100.00% (VGAE)
Computing node-level statistics...
Computing node-level statistics...
Computing node-level statistics...
