Experiment arguments: {'mode': 'train', 'epochs': 500, 'beta': 2.0, 'neg_factor': 2.0, 'device': None, 'hidden_dim': 64, 'latent_dim': 32, 'num_rounds': 5, 'gnn_layers': 1, 'decoder': 'gnn', 'checkpoint': './experiments/gnn_hd64_ld32_nr5_ep500_b2.0_nf2.0/model.pt', 'log_dir': './experiments/gnn_hd64_ld32_nr5_ep500_b2.0_nf2.0/logs', 'fig_dir': './experiments/gnn_hd64_ld32_nr5_ep500_b2.0_nf2.0/figures'}
Loaded 171 training hashes.
Epoch 0001 │ loss=3.3148 │ lr=1.0e-03
Epoch 0005 │ loss=2.9128 │ lr=1.0e-03
Epoch 0010 │ loss=2.5882 │ lr=1.0e-03
Epoch 0015 │ loss=2.3510 │ lr=1.0e-03
Epoch 0020 │ loss=2.2803 │ lr=1.0e-03
Epoch 0025 │ loss=2.2393 │ lr=1.0e-03
Epoch 0030 │ loss=2.2418 │ lr=1.0e-03
Epoch 0035 │ loss=2.2299 │ lr=1.0e-03
Epoch 0040 │ loss=2.2232 │ lr=1.0e-03
Epoch 0045 │ loss=2.2327 │ lr=1.0e-03
Epoch 0050 │ loss=2.2077 │ lr=1.0e-03
Epoch 0055 │ loss=2.2183 │ lr=1.0e-03
Epoch 0060 │ loss=2.1999 │ lr=1.0e-03
Epoch 0065 │ loss=2.2312 │ lr=1.0e-03
Epoch 0070 │ loss=2.2001 │ lr=1.0e-03
Epoch 0075 │ loss=2.2288 │ lr=1.0e-03
Epoch 0080 │ loss=2.1679 │ lr=1.0e-03
Epoch 0085 │ loss=2.2231 │ lr=1.0e-03
Epoch 0090 │ loss=2.1785 │ lr=1.0e-03
Epoch 0095 │ loss=2.1520 │ lr=1.0e-03
Epoch 0100 │ loss=2.1783 │ lr=5.0e-04
Epoch 0105 │ loss=2.1245 │ lr=5.0e-04
Epoch 0110 │ loss=2.1500 │ lr=5.0e-04
Epoch 0115 │ loss=2.1427 │ lr=5.0e-04
Epoch 0120 │ loss=2.1261 │ lr=5.0e-04
Epoch 0125 │ loss=2.1604 │ lr=5.0e-04
Epoch 0130 │ loss=2.1413 │ lr=5.0e-04
Epoch 0135 │ loss=2.1199 │ lr=5.0e-04
Epoch 0140 │ loss=2.1337 │ lr=5.0e-04
Epoch 0145 │ loss=2.1349 │ lr=5.0e-04
Epoch 0150 │ loss=2.1045 │ lr=5.0e-04
Epoch 0155 │ loss=2.1251 │ lr=5.0e-04
Epoch 0160 │ loss=2.0933 │ lr=5.0e-04
Epoch 0165 │ loss=2.1136 │ lr=5.0e-04
Epoch 0170 │ loss=2.1337 │ lr=5.0e-04
Epoch 0175 │ loss=2.1214 │ lr=5.0e-04
Epoch 0180 │ loss=2.0936 │ lr=5.0e-04
Epoch 0185 │ loss=2.0823 │ lr=5.0e-04
Epoch 0190 │ loss=2.1240 │ lr=5.0e-04
Epoch 0195 │ loss=2.0941 │ lr=5.0e-04
Epoch 0200 │ loss=2.0968 │ lr=2.5e-04
Epoch 0205 │ loss=2.0804 │ lr=2.5e-04
Epoch 0210 │ loss=2.0857 │ lr=2.5e-04
Epoch 0215 │ loss=2.0775 │ lr=2.5e-04
Epoch 0220 │ loss=2.1105 │ lr=2.5e-04
Epoch 0225 │ loss=2.0858 │ lr=2.5e-04
Epoch 0230 │ loss=2.0945 │ lr=2.5e-04
Epoch 0235 │ loss=2.0877 │ lr=2.5e-04
Epoch 0240 │ loss=2.0794 │ lr=2.5e-04
Epoch 0245 │ loss=2.0811 │ lr=2.5e-04
Epoch 0250 │ loss=2.0703 │ lr=2.5e-04
Epoch 0255 │ loss=2.0677 │ lr=2.5e-04
Epoch 0260 │ loss=2.1041 │ lr=2.5e-04
Epoch 0265 │ loss=2.0680 │ lr=2.5e-04
Epoch 0270 │ loss=2.0732 │ lr=2.5e-04
Epoch 0275 │ loss=2.0449 │ lr=2.5e-04
Epoch 0280 │ loss=2.0961 │ lr=2.5e-04
Epoch 0285 │ loss=2.0901 │ lr=2.5e-04
Epoch 0290 │ loss=2.0656 │ lr=2.5e-04
Epoch 0295 │ loss=2.1036 │ lr=2.5e-04
Epoch 0300 │ loss=2.1033 │ lr=1.3e-04
Epoch 0305 │ loss=2.0375 │ lr=1.3e-04
Epoch 0310 │ loss=2.1006 │ lr=1.3e-04
Epoch 0315 │ loss=2.1060 │ lr=1.3e-04
Epoch 0320 │ loss=2.0853 │ lr=1.3e-04
Epoch 0325 │ loss=2.0695 │ lr=1.3e-04
Epoch 0330 │ loss=2.0960 │ lr=1.3e-04
Epoch 0335 │ loss=2.0706 │ lr=1.3e-04
Epoch 0340 │ loss=2.0800 │ lr=1.3e-04
Epoch 0345 │ loss=2.0746 │ lr=1.3e-04
Epoch 0350 │ loss=2.0300 │ lr=1.3e-04
Epoch 0355 │ loss=2.0788 │ lr=1.3e-04
Epoch 0360 │ loss=2.0941 │ lr=1.3e-04
Epoch 0365 │ loss=2.0649 │ lr=1.3e-04
Epoch 0370 │ loss=2.0770 │ lr=1.3e-04
Epoch 0375 │ loss=2.0613 │ lr=1.3e-04
Epoch 0380 │ loss=2.0733 │ lr=1.3e-04
Epoch 0385 │ loss=2.0746 │ lr=1.3e-04
Epoch 0390 │ loss=2.0694 │ lr=1.3e-04
Epoch 0395 │ loss=2.0762 │ lr=1.3e-04
Epoch 0400 │ loss=2.0680 │ lr=6.3e-05
Epoch 0405 │ loss=2.0862 │ lr=6.3e-05
Epoch 0410 │ loss=2.0498 │ lr=6.3e-05
Epoch 0415 │ loss=2.0699 │ lr=6.3e-05
Epoch 0420 │ loss=2.0882 │ lr=6.3e-05
Epoch 0425 │ loss=2.0595 │ lr=6.3e-05
Epoch 0430 │ loss=2.0615 │ lr=6.3e-05
Epoch 0435 │ loss=2.0549 │ lr=6.3e-05
Epoch 0440 │ loss=2.0352 │ lr=6.3e-05
Epoch 0445 │ loss=2.0415 │ lr=6.3e-05
Epoch 0450 │ loss=2.0707 │ lr=6.3e-05
Epoch 0455 │ loss=2.0560 │ lr=6.3e-05
Epoch 0460 │ loss=2.0589 │ lr=6.3e-05
Epoch 0465 │ loss=2.0682 │ lr=6.3e-05
Epoch 0470 │ loss=2.0692 │ lr=6.3e-05
Epoch 0475 │ loss=2.0472 │ lr=6.3e-05
Epoch 0480 │ loss=2.0688 │ lr=6.3e-05
Epoch 0485 │ loss=2.0547 │ lr=6.3e-05
Epoch 0490 │ loss=2.0694 │ lr=6.3e-05
Epoch 0495 │ loss=2.0497 │ lr=6.3e-05
Epoch 0500 │ loss=2.0669 │ lr=3.1e-05
✅  Model saved to ./experiments/gnn_hd64_ld32_nr5_ep500_b2.0_nf2.0/model.pt
📈  Loss curve saved to vgae_loss.png
Novel: 100.00% (Baseline), 100.00% (VGAE)
Unique: 100.00% (Baseline), 100.00% (VGAE)
Novel and Unique: 100.00% (Baseline), 100.00% (VGAE)
Computing node-level statistics...
Computing node-level statistics...
Computing node-level statistics...
