Loaded 171 training hashes.
Epoch 0001 │ loss=1.3852 │ lr=1.0e-03
Epoch 0020 │ loss=0.8416 │ lr=1.0e-03
Epoch 0040 │ loss=0.7714 │ lr=1.0e-03
Epoch 0060 │ loss=0.7567 │ lr=1.0e-03
Epoch 0080 │ loss=0.7547 │ lr=1.0e-03
Epoch 0100 │ loss=0.7404 │ lr=5.0e-04
Epoch 0120 │ loss=0.7220 │ lr=5.0e-04
Epoch 0140 │ loss=0.7070 │ lr=5.0e-04
Epoch 0160 │ loss=0.7006 │ lr=5.0e-04
Epoch 0180 │ loss=0.7134 │ lr=5.0e-04
Epoch 0200 │ loss=0.6791 │ lr=2.5e-04
Epoch 0220 │ loss=0.6901 │ lr=2.5e-04
Epoch 0240 │ loss=0.6706 │ lr=2.5e-04
Epoch 0260 │ loss=0.6837 │ lr=2.5e-04
Epoch 0280 │ loss=0.6721 │ lr=2.5e-04
Epoch 0300 │ loss=0.6707 │ lr=1.3e-04
Epoch 0320 │ loss=0.6693 │ lr=1.3e-04
Epoch 0340 │ loss=0.6630 │ lr=1.3e-04
Epoch 0360 │ loss=0.6616 │ lr=1.3e-04
Epoch 0380 │ loss=0.6693 │ lr=1.3e-04
Epoch 0400 │ loss=0.6758 │ lr=6.3e-05
Epoch 0420 │ loss=0.6834 │ lr=6.3e-05
Epoch 0440 │ loss=0.6568 │ lr=6.3e-05
Epoch 0460 │ loss=0.6609 │ lr=6.3e-05
Epoch 0480 │ loss=0.6738 │ lr=6.3e-05
Epoch 0500 │ loss=0.6497 │ lr=3.1e-05
✅  Model saved to ./models/vgae_mutag.pt
📈  Loss curve saved to vgae_loss.png
Novel: 100.00% (Baseline), 100.00% (VGAE)
Unique: 100.00% (Baseline), 100.00% (VGAE)
Novel and Unique: 100.00% (Baseline), 100.00% (VGAE)
Computing node-level statistics...
Computing node-level statistics...
Computing node-level statistics...
