Experiment arguments: {'mode': 'train', 'epochs': 500, 'lr': 0.0005, 'beta': 2.0, 'neg_factor': 5.0, 'device': 'cuda', 'hidden_dim': 64, 'latent_dim': 32, 'num_rounds': 3, 'gnn_layers': 1, 'decoder': 'gnn', 'checkpoint': './experiments/gnn_hd64_ld32_nr3_ep500_b2.0_nf5.0/model.pt', 'log_dir': './experiments/gnn_hd64_ld32_nr3_ep500_b2.0_nf5.0/logs', 'fig_dir': './experiments/gnn_hd64_ld32_nr3_ep500_b2.0_nf5.0/figures'}
Loaded 171 training hashes.
Epoch 0001 │ loss=2.5771 │ recon=1.348 │ kl=2.386 │ β=0.02 │ lr=5.0e-04
Epoch 0005 │ loss=1.3467 │ recon=1.192 │ kl=2.014 │ β=0.10 │ lr=5.0e-04
Epoch 0010 │ loss=1.3234 │ recon=1.098 │ kl=1.509 │ β=0.20 │ lr=5.0e-04
Epoch 0015 │ loss=1.4016 │ recon=1.056 │ kl=1.323 │ β=0.30 │ lr=5.0e-04
Epoch 0020 │ loss=1.4323 │ recon=0.870 │ kl=1.182 │ β=0.40 │ lr=5.0e-04
Epoch 0025 │ loss=1.4782 │ recon=0.899 │ kl=1.041 │ β=0.50 │ lr=5.0e-04
Epoch 0030 │ loss=1.5463 │ recon=0.768 │ kl=0.919 │ β=0.60 │ lr=5.0e-04
Epoch 0035 │ loss=1.5709 │ recon=0.883 │ kl=0.860 │ β=0.70 │ lr=5.0e-04
Epoch 0040 │ loss=1.6405 │ recon=0.648 │ kl=0.838 │ β=0.80 │ lr=5.0e-04
Epoch 0045 │ loss=1.6864 │ recon=1.264 │ kl=0.742 │ β=0.90 │ lr=5.0e-04
Epoch 0050 │ loss=1.7417 │ recon=1.058 │ kl=0.750 │ β=1.00 │ lr=5.0e-04
Epoch 0055 │ loss=1.7340 │ recon=1.300 │ kl=0.714 │ β=1.00 │ lr=5.0e-04
Epoch 0060 │ loss=1.7489 │ recon=1.860 │ kl=0.711 │ β=1.00 │ lr=5.0e-04
Epoch 0065 │ loss=1.7288 │ recon=0.819 │ kl=0.717 │ β=1.00 │ lr=5.0e-04
Epoch 0070 │ loss=1.6893 │ recon=0.913 │ kl=0.688 │ β=1.00 │ lr=5.0e-04
Epoch 0075 │ loss=1.6942 │ recon=0.834 │ kl=0.670 │ β=1.00 │ lr=5.0e-04
Epoch 0080 │ loss=1.7081 │ recon=0.857 │ kl=0.752 │ β=1.00 │ lr=5.0e-04
Epoch 0085 │ loss=1.6931 │ recon=0.796 │ kl=0.699 │ β=1.00 │ lr=5.0e-04
Epoch 0090 │ loss=1.6764 │ recon=1.106 │ kl=0.654 │ β=1.00 │ lr=5.0e-04
Epoch 0095 │ loss=1.6684 │ recon=1.198 │ kl=0.700 │ β=1.00 │ lr=5.0e-04
Epoch 0100 │ loss=1.6770 │ recon=0.842 │ kl=0.694 │ β=1.00 │ lr=5.0e-04
Epoch 0105 │ loss=1.6265 │ recon=1.106 │ kl=0.677 │ β=1.00 │ lr=5.0e-04
Epoch 0110 │ loss=1.6621 │ recon=0.809 │ kl=0.710 │ β=1.00 │ lr=2.5e-04
Epoch 0115 │ loss=1.6418 │ recon=0.583 │ kl=0.691 │ β=1.00 │ lr=2.5e-04
Epoch 0120 │ loss=1.6467 │ recon=0.814 │ kl=0.683 │ β=1.00 │ lr=2.5e-04
Epoch 0125 │ loss=1.6324 │ recon=0.819 │ kl=0.691 │ β=1.00 │ lr=2.5e-04
Epoch 0130 │ loss=1.6380 │ recon=0.827 │ kl=0.699 │ β=1.00 │ lr=2.5e-04
Epoch 0135 │ loss=1.6310 │ recon=1.245 │ kl=0.687 │ β=1.00 │ lr=2.5e-04
Epoch 0140 │ loss=1.6233 │ recon=0.736 │ kl=0.732 │ β=1.00 │ lr=2.5e-04
Epoch 0145 │ loss=1.6346 │ recon=0.967 │ kl=0.724 │ β=1.00 │ lr=2.5e-04
Epoch 0150 │ loss=1.6334 │ recon=0.732 │ kl=0.720 │ β=1.00 │ lr=2.5e-04
Epoch 0155 │ loss=1.6217 │ recon=0.789 │ kl=0.727 │ β=1.00 │ lr=2.5e-04
Epoch 0160 │ loss=1.6344 │ recon=0.865 │ kl=0.703 │ β=1.00 │ lr=2.5e-04
Epoch 0165 │ loss=1.6054 │ recon=0.854 │ kl=0.668 │ β=1.00 │ lr=2.5e-04
Epoch 0170 │ loss=1.6306 │ recon=0.714 │ kl=0.696 │ β=1.00 │ lr=2.5e-04
Epoch 0175 │ loss=1.6111 │ recon=0.892 │ kl=0.699 │ β=1.00 │ lr=2.5e-04
Epoch 0180 │ loss=1.6114 │ recon=1.118 │ kl=0.682 │ β=1.00 │ lr=2.5e-04
Epoch 0185 │ loss=1.6173 │ recon=0.741 │ kl=0.701 │ β=1.00 │ lr=2.5e-04
Epoch 0190 │ loss=1.5901 │ recon=1.133 │ kl=0.702 │ β=1.00 │ lr=2.5e-04
Epoch 0195 │ loss=1.5956 │ recon=1.046 │ kl=0.698 │ β=1.00 │ lr=2.5e-04
Epoch 0200 │ loss=1.5927 │ recon=0.919 │ kl=0.719 │ β=1.00 │ lr=2.5e-04
Epoch 0205 │ loss=1.6145 │ recon=0.878 │ kl=0.724 │ β=1.00 │ lr=2.5e-04
Epoch 0210 │ loss=1.5983 │ recon=1.069 │ kl=0.684 │ β=1.00 │ lr=1.3e-04
Epoch 0215 │ loss=1.5996 │ recon=0.917 │ kl=0.694 │ β=1.00 │ lr=1.3e-04
Epoch 0220 │ loss=1.5888 │ recon=0.774 │ kl=0.694 │ β=1.00 │ lr=1.3e-04
Epoch 0225 │ loss=1.6013 │ recon=1.213 │ kl=0.705 │ β=1.00 │ lr=1.3e-04
Epoch 0230 │ loss=1.5839 │ recon=0.813 │ kl=0.711 │ β=1.00 │ lr=1.3e-04
Epoch 0235 │ loss=1.5994 │ recon=0.981 │ kl=0.735 │ β=1.00 │ lr=1.3e-04
Epoch 0240 │ loss=1.5914 │ recon=1.199 │ kl=0.718 │ β=1.00 │ lr=1.3e-04
Epoch 0245 │ loss=1.5974 │ recon=1.170 │ kl=0.719 │ β=1.00 │ lr=1.3e-04
Epoch 0250 │ loss=1.5915 │ recon=0.692 │ kl=0.722 │ β=1.00 │ lr=1.3e-04
Epoch 0255 │ loss=1.5959 │ recon=0.836 │ kl=0.732 │ β=1.00 │ lr=1.3e-04
Epoch 0260 │ loss=1.5963 │ recon=0.861 │ kl=0.687 │ β=1.00 │ lr=1.3e-04
Epoch 0265 │ loss=1.6021 │ recon=1.017 │ kl=0.712 │ β=1.00 │ lr=1.3e-04
Epoch 0270 │ loss=1.5738 │ recon=0.883 │ kl=0.731 │ β=1.00 │ lr=1.3e-04
Epoch 0275 │ loss=1.5717 │ recon=0.896 │ kl=0.719 │ β=1.00 │ lr=1.3e-04
Epoch 0280 │ loss=1.5722 │ recon=0.695 │ kl=0.676 │ β=1.00 │ lr=1.3e-04
Epoch 0285 │ loss=1.5676 │ recon=0.753 │ kl=0.698 │ β=1.00 │ lr=1.3e-04
Epoch 0290 │ loss=1.5790 │ recon=0.786 │ kl=0.705 │ β=1.00 │ lr=1.3e-04
Epoch 0295 │ loss=1.5705 │ recon=0.713 │ kl=0.706 │ β=1.00 │ lr=1.3e-04
Epoch 0300 │ loss=1.5982 │ recon=1.004 │ kl=0.695 │ β=1.00 │ lr=1.3e-04
Epoch 0305 │ loss=1.5645 │ recon=1.104 │ kl=0.720 │ β=1.00 │ lr=1.3e-04
Epoch 0310 │ loss=1.5776 │ recon=0.546 │ kl=0.700 │ β=1.00 │ lr=6.3e-05
Epoch 0315 │ loss=1.5656 │ recon=0.936 │ kl=0.715 │ β=1.00 │ lr=6.3e-05
Epoch 0320 │ loss=1.5719 │ recon=0.726 │ kl=0.693 │ β=1.00 │ lr=6.3e-05
Epoch 0325 │ loss=1.5603 │ recon=0.922 │ kl=0.714 │ β=1.00 │ lr=6.3e-05
Epoch 0330 │ loss=1.5887 │ recon=0.868 │ kl=0.696 │ β=1.00 │ lr=6.3e-05
Epoch 0335 │ loss=1.5721 │ recon=0.859 │ kl=0.710 │ β=1.00 │ lr=6.3e-05
Epoch 0340 │ loss=1.5832 │ recon=0.791 │ kl=0.720 │ β=1.00 │ lr=6.3e-05
Epoch 0345 │ loss=1.5780 │ recon=1.188 │ kl=0.711 │ β=1.00 │ lr=6.3e-05
Epoch 0350 │ loss=1.5886 │ recon=0.850 │ kl=0.724 │ β=1.00 │ lr=6.3e-05
Epoch 0355 │ loss=1.5746 │ recon=0.595 │ kl=0.698 │ β=1.00 │ lr=6.3e-05
Epoch 0360 │ loss=1.5938 │ recon=0.868 │ kl=0.721 │ β=1.00 │ lr=6.3e-05
Epoch 0365 │ loss=1.5643 │ recon=0.674 │ kl=0.700 │ β=1.00 │ lr=6.3e-05
Epoch 0370 │ loss=1.5624 │ recon=0.999 │ kl=0.692 │ β=1.00 │ lr=6.3e-05
Epoch 0375 │ loss=1.5647 │ recon=1.360 │ kl=0.677 │ β=1.00 │ lr=6.3e-05
Epoch 0380 │ loss=1.5733 │ recon=0.880 │ kl=0.730 │ β=1.00 │ lr=6.3e-05
Epoch 0385 │ loss=1.5692 │ recon=0.998 │ kl=0.703 │ β=1.00 │ lr=6.3e-05
Epoch 0390 │ loss=1.5671 │ recon=0.821 │ kl=0.706 │ β=1.00 │ lr=6.3e-05
Epoch 0395 │ loss=1.5650 │ recon=0.558 │ kl=0.716 │ β=1.00 │ lr=6.3e-05
Epoch 0400 │ loss=1.5729 │ recon=0.951 │ kl=0.712 │ β=1.00 │ lr=6.3e-05
Epoch 0405 │ loss=1.5439 │ recon=1.295 │ kl=0.670 │ β=1.00 │ lr=6.3e-05
Epoch 0410 │ loss=1.5741 │ recon=0.928 │ kl=0.720 │ β=1.00 │ lr=6.3e-05
Epoch 0415 │ loss=1.5654 │ recon=0.928 │ kl=0.711 │ β=1.00 │ lr=5.0e-05
Epoch 0420 │ loss=1.5807 │ recon=0.872 │ kl=0.700 │ β=1.00 │ lr=5.0e-05
Epoch 0425 │ loss=1.5835 │ recon=0.857 │ kl=0.702 │ β=1.00 │ lr=5.0e-05
Epoch 0430 │ loss=1.5664 │ recon=0.864 │ kl=0.703 │ β=1.00 │ lr=5.0e-05
Epoch 0435 │ loss=1.5609 │ recon=0.884 │ kl=0.704 │ β=1.00 │ lr=5.0e-05
Epoch 0440 │ loss=1.5869 │ recon=0.985 │ kl=0.673 │ β=1.00 │ lr=5.0e-05
Epoch 0445 │ loss=1.5646 │ recon=0.995 │ kl=0.718 │ β=1.00 │ lr=5.0e-05
Epoch 0450 │ loss=1.5568 │ recon=1.078 │ kl=0.693 │ β=1.00 │ lr=5.0e-05
Epoch 0455 │ loss=1.5600 │ recon=0.929 │ kl=0.704 │ β=1.00 │ lr=5.0e-05
Epoch 0460 │ loss=1.5677 │ recon=1.092 │ kl=0.702 │ β=1.00 │ lr=5.0e-05
Epoch 0465 │ loss=1.5646 │ recon=0.824 │ kl=0.692 │ β=1.00 │ lr=5.0e-05
Epoch 0470 │ loss=1.5550 │ recon=0.802 │ kl=0.725 │ β=1.00 │ lr=5.0e-05
Epoch 0475 │ loss=1.5740 │ recon=0.921 │ kl=0.713 │ β=1.00 │ lr=5.0e-05
Epoch 0480 │ loss=1.5560 │ recon=0.891 │ kl=0.717 │ β=1.00 │ lr=5.0e-05
Epoch 0485 │ loss=1.5734 │ recon=0.692 │ kl=0.729 │ β=1.00 │ lr=5.0e-05
Epoch 0490 │ loss=1.5584 │ recon=1.072 │ kl=0.711 │ β=1.00 │ lr=5.0e-05
Epoch 0495 │ loss=1.5535 │ recon=0.620 │ kl=0.714 │ β=1.00 │ lr=5.0e-05
Epoch 0500 │ loss=1.5793 │ recon=0.866 │ kl=0.708 │ β=1.00 │ lr=5.0e-05
✅  Model saved to ./experiments/gnn_hd64_ld32_nr3_ep500_b2.0_nf5.0/model.pt
📈  Loss curve saved to vgae_loss.png
Novel: 100.00% (Baseline), 100.00% (VGAE)
Unique: 100.00% (Baseline), 100.00% (VGAE)
Novel and Unique: 100.00% (Baseline), 100.00% (VGAE)
Computing node-level statistics...
Computing node-level statistics...
Computing node-level statistics...
