Experiment arguments: {'mode': 'train', 'epochs': 500, 'beta': 2.0, 'neg_factor': 2.0, 'device': None, 'hidden_dim': 64, 'latent_dim': 32, 'num_rounds': 5, 'decoder': 'gnn', 'checkpoint': './experiments/gnn_hd64_ld32_nr5_ep500/model.pt', 'log_dir': './experiments/gnn_hd64_ld32_nr5_ep500/logs', 'fig_dir': './experiments/gnn_hd64_ld32_nr5_ep500/figures'}
Loaded 171 training hashes.
Epoch 0001 │ loss=2.6043 │ lr=1.0e-03
Epoch 0005 │ loss=1.5917 │ lr=1.0e-03
Epoch 0010 │ loss=1.5142 │ lr=1.0e-03
Epoch 0015 │ loss=1.4726 │ lr=1.0e-03
Epoch 0020 │ loss=1.4576 │ lr=1.0e-03
Epoch 0025 │ loss=1.4420 │ lr=1.0e-03
Epoch 0030 │ loss=1.4296 │ lr=1.0e-03
Epoch 0035 │ loss=1.4272 │ lr=1.0e-03
Epoch 0040 │ loss=1.4240 │ lr=1.0e-03
Epoch 0045 │ loss=1.4132 │ lr=1.0e-03
Epoch 0050 │ loss=1.4117 │ lr=1.0e-03
Epoch 0055 │ loss=1.4052 │ lr=1.0e-03
Epoch 0060 │ loss=1.4074 │ lr=1.0e-03
Epoch 0065 │ loss=1.4071 │ lr=1.0e-03
Epoch 0070 │ loss=1.4023 │ lr=1.0e-03
Epoch 0075 │ loss=1.3984 │ lr=1.0e-03
Epoch 0080 │ loss=1.3998 │ lr=1.0e-03
Epoch 0085 │ loss=1.3980 │ lr=1.0e-03
Epoch 0090 │ loss=1.3964 │ lr=1.0e-03
Epoch 0095 │ loss=1.3935 │ lr=1.0e-03
Epoch 0100 │ loss=1.3987 │ lr=5.0e-04
Epoch 0105 │ loss=1.3942 │ lr=5.0e-04
Epoch 0110 │ loss=1.3923 │ lr=5.0e-04
Epoch 0115 │ loss=1.3964 │ lr=5.0e-04
Epoch 0120 │ loss=1.3936 │ lr=5.0e-04
Epoch 0125 │ loss=1.3904 │ lr=5.0e-04
Epoch 0130 │ loss=1.3920 │ lr=5.0e-04
Epoch 0135 │ loss=1.3928 │ lr=5.0e-04
Epoch 0140 │ loss=1.3905 │ lr=5.0e-04
Epoch 0145 │ loss=1.3923 │ lr=5.0e-04
Epoch 0150 │ loss=1.3888 │ lr=5.0e-04
Epoch 0155 │ loss=1.3913 │ lr=5.0e-04
Epoch 0160 │ loss=1.3884 │ lr=5.0e-04
Epoch 0165 │ loss=1.3883 │ lr=5.0e-04
Epoch 0170 │ loss=1.3891 │ lr=5.0e-04
Epoch 0175 │ loss=1.3898 │ lr=5.0e-04
Epoch 0180 │ loss=1.3882 │ lr=5.0e-04
Epoch 0185 │ loss=1.3885 │ lr=5.0e-04
Epoch 0190 │ loss=1.3877 │ lr=5.0e-04
Epoch 0195 │ loss=1.3886 │ lr=5.0e-04
Epoch 0200 │ loss=1.3883 │ lr=2.5e-04
Epoch 0205 │ loss=1.3877 │ lr=2.5e-04
Epoch 0210 │ loss=1.3886 │ lr=2.5e-04
Epoch 0215 │ loss=1.3883 │ lr=2.5e-04
Epoch 0220 │ loss=1.3875 │ lr=2.5e-04
Epoch 0225 │ loss=1.3873 │ lr=2.5e-04
Epoch 0230 │ loss=1.3888 │ lr=2.5e-04
Epoch 0235 │ loss=1.3883 │ lr=2.5e-04
Epoch 0240 │ loss=1.3876 │ lr=2.5e-04
Epoch 0245 │ loss=1.3878 │ lr=2.5e-04
Epoch 0250 │ loss=1.3863 │ lr=2.5e-04
Epoch 0255 │ loss=1.3865 │ lr=2.5e-04
Epoch 0260 │ loss=1.3866 │ lr=2.5e-04
Epoch 0265 │ loss=1.3873 │ lr=2.5e-04
Epoch 0270 │ loss=1.3870 │ lr=2.5e-04
Epoch 0275 │ loss=1.3873 │ lr=2.5e-04
Epoch 0280 │ loss=1.3880 │ lr=2.5e-04
Epoch 0285 │ loss=1.3881 │ lr=2.5e-04
Epoch 0290 │ loss=1.3874 │ lr=2.5e-04
Epoch 0295 │ loss=1.3878 │ lr=2.5e-04
Epoch 0300 │ loss=1.3863 │ lr=1.3e-04
Epoch 0305 │ loss=1.3885 │ lr=1.3e-04
Epoch 0310 │ loss=1.3873 │ lr=1.3e-04
Epoch 0315 │ loss=1.3869 │ lr=1.3e-04
Epoch 0320 │ loss=1.3863 │ lr=1.3e-04
Epoch 0325 │ loss=1.3872 │ lr=1.3e-04
Epoch 0330 │ loss=1.3869 │ lr=1.3e-04
Epoch 0335 │ loss=1.3874 │ lr=1.3e-04
Epoch 0340 │ loss=1.3868 │ lr=1.3e-04
Epoch 0345 │ loss=1.3866 │ lr=1.3e-04
Epoch 0350 │ loss=1.3876 │ lr=1.3e-04
Epoch 0355 │ loss=1.3867 │ lr=1.3e-04
Epoch 0360 │ loss=1.3873 │ lr=1.3e-04
Epoch 0365 │ loss=1.3877 │ lr=1.3e-04
Epoch 0370 │ loss=1.3872 │ lr=1.3e-04
Epoch 0375 │ loss=1.3868 │ lr=1.3e-04
Epoch 0380 │ loss=1.3865 │ lr=1.3e-04
Epoch 0385 │ loss=1.3867 │ lr=1.3e-04
Epoch 0390 │ loss=1.3873 │ lr=1.3e-04
Epoch 0395 │ loss=1.3869 │ lr=1.3e-04
Epoch 0400 │ loss=1.3873 │ lr=6.3e-05
Epoch 0405 │ loss=1.3873 │ lr=6.3e-05
Epoch 0410 │ loss=1.3864 │ lr=6.3e-05
Epoch 0415 │ loss=1.3868 │ lr=6.3e-05
Epoch 0420 │ loss=1.3869 │ lr=6.3e-05
Epoch 0425 │ loss=1.3869 │ lr=6.3e-05
Epoch 0430 │ loss=1.3872 │ lr=6.3e-05
Epoch 0435 │ loss=1.3860 │ lr=6.3e-05
Epoch 0440 │ loss=1.3873 │ lr=6.3e-05
Epoch 0445 │ loss=1.3870 │ lr=6.3e-05
Epoch 0450 │ loss=1.3859 │ lr=6.3e-05
Epoch 0455 │ loss=1.3872 │ lr=6.3e-05
Epoch 0460 │ loss=1.3871 │ lr=6.3e-05
Epoch 0465 │ loss=1.3867 │ lr=6.3e-05
Epoch 0470 │ loss=1.3870 │ lr=6.3e-05
Epoch 0475 │ loss=1.3869 │ lr=6.3e-05
Epoch 0480 │ loss=1.3869 │ lr=6.3e-05
Epoch 0485 │ loss=1.3871 │ lr=6.3e-05
Epoch 0490 │ loss=1.3865 │ lr=6.3e-05
Epoch 0495 │ loss=1.3870 │ lr=6.3e-05
Epoch 0500 │ loss=1.3874 │ lr=3.1e-05
✅  Model saved to ./experiments/gnn_hd64_ld32_nr5_ep500/model.pt
📈  Loss curve saved to vgae_loss.png
Novel: 100.00% (Baseline), 100.00% (VGAE)
Unique: 100.00% (Baseline), 100.00% (VGAE)
Novel and Unique: 100.00% (Baseline), 100.00% (VGAE)
Computing node-level statistics...
Computing node-level statistics...
Computing node-level statistics...
