Experiment arguments: {'mode': 'train', 'epochs': 500, 'beta': 2.0, 'neg_factor': 2.0, 'device': None, 'hidden_dim': 64, 'latent_dim': 32, 'num_rounds': 3, 'gnn_layers': 1, 'decoder': 'gnn', 'checkpoint': './experiments/gnn_hd64_ld32_nr3_ep500_b2.0_nf2.0/model.pt', 'log_dir': './experiments/gnn_hd64_ld32_nr3_ep500_b2.0_nf2.0/logs', 'fig_dir': './experiments/gnn_hd64_ld32_nr3_ep500_b2.0_nf2.0/figures'}
Loaded 171 training hashes.
Epoch 0001 │ loss=3.4328 │ lr=1.0e-03
Epoch 0005 │ loss=2.7758 │ lr=1.0e-03
Epoch 0010 │ loss=2.5763 │ lr=1.0e-03
Epoch 0015 │ loss=2.4745 │ lr=1.0e-03
Epoch 0020 │ loss=2.4289 │ lr=1.0e-03
Epoch 0025 │ loss=2.3694 │ lr=1.0e-03
Epoch 0030 │ loss=2.4005 │ lr=1.0e-03
Epoch 0035 │ loss=2.3469 │ lr=1.0e-03
Epoch 0040 │ loss=2.3778 │ lr=1.0e-03
Epoch 0045 │ loss=2.3737 │ lr=1.0e-03
Epoch 0050 │ loss=2.3379 │ lr=1.0e-03
Epoch 0055 │ loss=2.3208 │ lr=1.0e-03
Epoch 0060 │ loss=2.3389 │ lr=1.0e-03
Epoch 0065 │ loss=2.3246 │ lr=1.0e-03
Epoch 0070 │ loss=2.2771 │ lr=1.0e-03
Epoch 0075 │ loss=2.2809 │ lr=1.0e-03
Epoch 0080 │ loss=2.3078 │ lr=1.0e-03
Epoch 0085 │ loss=2.2786 │ lr=1.0e-03
Epoch 0090 │ loss=2.2500 │ lr=1.0e-03
Epoch 0095 │ loss=2.2509 │ lr=1.0e-03
Epoch 0100 │ loss=2.2722 │ lr=5.0e-04
Epoch 0105 │ loss=2.1805 │ lr=5.0e-04
Epoch 0110 │ loss=2.2530 │ lr=5.0e-04
Epoch 0115 │ loss=2.2296 │ lr=5.0e-04
Epoch 0120 │ loss=2.2293 │ lr=5.0e-04
Epoch 0125 │ loss=2.2036 │ lr=5.0e-04
Epoch 0130 │ loss=2.2122 │ lr=5.0e-04
Epoch 0135 │ loss=2.2049 │ lr=5.0e-04
Epoch 0140 │ loss=2.2171 │ lr=5.0e-04
Epoch 0145 │ loss=2.2173 │ lr=5.0e-04
Epoch 0150 │ loss=2.1960 │ lr=5.0e-04
Epoch 0155 │ loss=2.2203 │ lr=5.0e-04
Epoch 0160 │ loss=2.2543 │ lr=5.0e-04
Epoch 0165 │ loss=2.2144 │ lr=5.0e-04
Epoch 0170 │ loss=2.2250 │ lr=5.0e-04
Epoch 0175 │ loss=2.1815 │ lr=5.0e-04
Epoch 0180 │ loss=2.2155 │ lr=5.0e-04
Epoch 0185 │ loss=2.2158 │ lr=5.0e-04
Epoch 0190 │ loss=2.1925 │ lr=5.0e-04
Epoch 0195 │ loss=2.2053 │ lr=5.0e-04
Epoch 0200 │ loss=2.1740 │ lr=2.5e-04
Epoch 0205 │ loss=2.2292 │ lr=2.5e-04
Epoch 0210 │ loss=2.1673 │ lr=2.5e-04
Epoch 0215 │ loss=2.2038 │ lr=2.5e-04
Epoch 0220 │ loss=2.1725 │ lr=2.5e-04
Epoch 0225 │ loss=2.1619 │ lr=2.5e-04
Epoch 0230 │ loss=2.1713 │ lr=2.5e-04
Epoch 0235 │ loss=2.2168 │ lr=2.5e-04
Epoch 0240 │ loss=2.1759 │ lr=2.5e-04
Epoch 0245 │ loss=2.1548 │ lr=2.5e-04
Epoch 0250 │ loss=2.1525 │ lr=2.5e-04
Epoch 0255 │ loss=2.1810 │ lr=2.5e-04
Epoch 0260 │ loss=2.1720 │ lr=2.5e-04
Epoch 0265 │ loss=2.1871 │ lr=2.5e-04
Epoch 0270 │ loss=2.1634 │ lr=2.5e-04
Epoch 0275 │ loss=2.1475 │ lr=2.5e-04
Epoch 0280 │ loss=2.1452 │ lr=2.5e-04
Epoch 0285 │ loss=2.1673 │ lr=2.5e-04
Epoch 0290 │ loss=2.1958 │ lr=2.5e-04
Epoch 0295 │ loss=2.1752 │ lr=2.5e-04
Epoch 0300 │ loss=2.2053 │ lr=1.3e-04
Epoch 0305 │ loss=2.1552 │ lr=1.3e-04
Epoch 0310 │ loss=2.1900 │ lr=1.3e-04
Epoch 0315 │ loss=2.1868 │ lr=1.3e-04
Epoch 0320 │ loss=2.1853 │ lr=1.3e-04
Epoch 0325 │ loss=2.1770 │ lr=1.3e-04
Epoch 0330 │ loss=2.1735 │ lr=1.3e-04
Epoch 0335 │ loss=2.1463 │ lr=1.3e-04
Epoch 0340 │ loss=2.2035 │ lr=1.3e-04
Epoch 0345 │ loss=2.1744 │ lr=1.3e-04
Epoch 0350 │ loss=2.2067 │ lr=1.3e-04
Epoch 0355 │ loss=2.1763 │ lr=1.3e-04
Epoch 0360 │ loss=2.1924 │ lr=1.3e-04
Epoch 0365 │ loss=2.1345 │ lr=1.3e-04
Epoch 0370 │ loss=2.1517 │ lr=1.3e-04
Epoch 0375 │ loss=2.1523 │ lr=1.3e-04
Epoch 0380 │ loss=2.1893 │ lr=1.3e-04
Epoch 0385 │ loss=2.1422 │ lr=1.3e-04
Epoch 0390 │ loss=2.1714 │ lr=1.3e-04
Epoch 0395 │ loss=2.1764 │ lr=1.3e-04
Epoch 0400 │ loss=2.1597 │ lr=6.3e-05
Epoch 0405 │ loss=2.1534 │ lr=6.3e-05
Epoch 0410 │ loss=2.1610 │ lr=6.3e-05
Epoch 0415 │ loss=2.1673 │ lr=6.3e-05
Epoch 0420 │ loss=2.2031 │ lr=6.3e-05
Epoch 0425 │ loss=2.1510 │ lr=6.3e-05
Epoch 0430 │ loss=2.1726 │ lr=6.3e-05
Epoch 0435 │ loss=2.1520 │ lr=6.3e-05
Epoch 0440 │ loss=2.1914 │ lr=6.3e-05
Epoch 0445 │ loss=2.2015 │ lr=6.3e-05
Epoch 0450 │ loss=2.1602 │ lr=6.3e-05
Epoch 0455 │ loss=2.1483 │ lr=6.3e-05
Epoch 0460 │ loss=2.1465 │ lr=6.3e-05
Epoch 0465 │ loss=2.1524 │ lr=6.3e-05
Epoch 0470 │ loss=2.1540 │ lr=6.3e-05
Epoch 0475 │ loss=2.1490 │ lr=6.3e-05
Epoch 0480 │ loss=2.1294 │ lr=6.3e-05
Epoch 0485 │ loss=2.1459 │ lr=6.3e-05
Epoch 0490 │ loss=2.1493 │ lr=6.3e-05
Epoch 0495 │ loss=2.1759 │ lr=6.3e-05
Epoch 0500 │ loss=2.1672 │ lr=3.1e-05
✅  Model saved to ./experiments/gnn_hd64_ld32_nr3_ep500_b2.0_nf2.0/model.pt
📈  Loss curve saved to vgae_loss.png
Novel: 100.00% (Baseline), 100.00% (VGAE)
Unique: 100.00% (Baseline), 100.00% (VGAE)
Novel and Unique: 100.00% (Baseline), 100.00% (VGAE)
Computing node-level statistics...
Computing node-level statistics...
Computing node-level statistics...
