Experiment arguments: {'mode': 'train', 'epochs': 500, 'lr': 0.0005, 'beta': 5, 'neg_factor': 3.0, 'device': 'cuda', 'hidden_dim': 64, 'latent_dim': 32, 'num_enc_MP_rounds': 3, 'dec_layers': 1, 'heads': 4, 'decoder': 'gat', 'checkpoint': './experiments/gat_hd64_ld32_nr3_ep500_nf3.0_dl1/model.pt', 'log_dir': './experiments/gat_hd64_ld32_nr3_ep500_nf3.0_dl1/logs', 'fig_dir': './experiments/gat_hd64_ld32_nr3_ep500_nf3.0_dl1/figures'}
Loaded 171 training hashes.
cuda
Device: cuda
Training VGAE model...
Epoch 0001 │ loss=3.6670 │ recon=1.625 │ kl=0.813 │ β=0.02 │ lr=5.0e-04
Epoch 0010 │ loss=2.2463 │ recon=1.782 │ kl=0.697 │ β=0.20 │ lr=5.0e-04
Epoch 0020 │ loss=2.1189 │ recon=1.519 │ kl=0.749 │ β=0.40 │ lr=5.0e-04
Epoch 0030 │ loss=2.0548 │ recon=1.109 │ kl=0.689 │ β=0.60 │ lr=5.0e-04
Epoch 0040 │ loss=2.0054 │ recon=1.246 │ kl=0.696 │ β=0.80 │ lr=5.0e-04
Epoch 0050 │ loss=1.9418 │ recon=1.262 │ kl=0.717 │ β=1.00 │ lr=5.0e-04
Epoch 0060 │ loss=1.8972 │ recon=1.745 │ kl=0.671 │ β=1.00 │ lr=5.0e-04
Epoch 0070 │ loss=1.8519 │ recon=1.398 │ kl=0.630 │ β=1.00 │ lr=5.0e-04
Epoch 0080 │ loss=1.8769 │ recon=1.356 │ kl=0.675 │ β=1.00 │ lr=5.0e-04
Epoch 0090 │ loss=1.8124 │ recon=1.158 │ kl=0.623 │ β=1.00 │ lr=5.0e-04
Epoch 0100 │ loss=1.8337 │ recon=0.934 │ kl=0.644 │ β=1.00 │ lr=5.0e-04
Epoch 0110 │ loss=1.8195 │ recon=0.956 │ kl=0.655 │ β=1.00 │ lr=5.0e-04
Epoch 0120 │ loss=1.7955 │ recon=0.961 │ kl=0.644 │ β=1.00 │ lr=5.0e-04
Epoch 0130 │ loss=1.8211 │ recon=0.912 │ kl=0.675 │ β=1.00 │ lr=5.0e-04
Epoch 0140 │ loss=1.7632 │ recon=1.044 │ kl=0.657 │ β=1.00 │ lr=5.0e-04
Epoch 0150 │ loss=1.7634 │ recon=0.599 │ kl=0.701 │ β=1.00 │ lr=5.0e-04
Epoch 0160 │ loss=1.7736 │ recon=0.962 │ kl=0.691 │ β=1.00 │ lr=5.0e-04
Epoch 0170 │ loss=1.7501 │ recon=0.871 │ kl=0.655 │ β=1.00 │ lr=5.0e-04
Epoch 0180 │ loss=1.7387 │ recon=1.023 │ kl=0.696 │ β=1.00 │ lr=5.0e-04
Epoch 0190 │ loss=1.6981 │ recon=1.211 │ kl=0.662 │ β=1.00 │ lr=5.0e-04
Epoch 0200 │ loss=1.7192 │ recon=1.054 │ kl=0.691 │ β=1.00 │ lr=5.0e-04
Epoch 0210 │ loss=1.7135 │ recon=0.984 │ kl=0.651 │ β=1.00 │ lr=5.0e-04
Epoch 0220 │ loss=1.6691 │ recon=0.975 │ kl=0.658 │ β=1.00 │ lr=5.0e-04
Epoch 0230 │ loss=1.6927 │ recon=0.639 │ kl=0.711 │ β=1.00 │ lr=5.0e-04
Epoch 0240 │ loss=1.6913 │ recon=1.139 │ kl=0.672 │ β=1.00 │ lr=5.0e-04
Epoch 0250 │ loss=1.6639 │ recon=0.768 │ kl=0.645 │ β=1.00 │ lr=5.0e-04
Epoch 0260 │ loss=1.6947 │ recon=1.009 │ kl=0.700 │ β=1.00 │ lr=5.0e-04
Epoch 0270 │ loss=1.6810 │ recon=0.982 │ kl=0.671 │ β=1.00 │ lr=5.0e-04
Epoch 0280 │ loss=1.6580 │ recon=0.798 │ kl=0.645 │ β=1.00 │ lr=5.0e-04
Epoch 0290 │ loss=1.6939 │ recon=0.796 │ kl=0.687 │ β=1.00 │ lr=5.0e-04
Epoch 0300 │ loss=1.6972 │ recon=0.966 │ kl=0.708 │ β=1.00 │ lr=5.0e-04
Epoch 0310 │ loss=1.6778 │ recon=1.154 │ kl=0.660 │ β=1.00 │ lr=5.0e-04
Epoch 0320 │ loss=1.6901 │ recon=0.895 │ kl=0.647 │ β=1.00 │ lr=5.0e-04
Epoch 0330 │ loss=1.6725 │ recon=0.854 │ kl=0.688 │ β=1.00 │ lr=5.0e-04
Epoch 0340 │ loss=1.6411 │ recon=1.068 │ kl=0.677 │ β=1.00 │ lr=5.0e-04
Epoch 0350 │ loss=1.6782 │ recon=0.826 │ kl=0.686 │ β=1.00 │ lr=5.0e-04
Epoch 0360 │ loss=1.6846 │ recon=0.980 │ kl=0.701 │ β=1.00 │ lr=5.0e-04
Epoch 0370 │ loss=1.6509 │ recon=1.009 │ kl=0.663 │ β=1.00 │ lr=5.0e-04
Epoch 0380 │ loss=1.6536 │ recon=0.829 │ kl=0.671 │ β=1.00 │ lr=2.5e-04
Epoch 0390 │ loss=1.6394 │ recon=0.979 │ kl=0.668 │ β=1.00 │ lr=2.5e-04
Epoch 0400 │ loss=1.6465 │ recon=1.173 │ kl=0.692 │ β=1.00 │ lr=2.5e-04
Epoch 0410 │ loss=1.6302 │ recon=0.853 │ kl=0.659 │ β=1.00 │ lr=2.5e-04
Epoch 0420 │ loss=1.6364 │ recon=1.054 │ kl=0.680 │ β=1.00 │ lr=2.5e-04
Epoch 0430 │ loss=1.6379 │ recon=0.894 │ kl=0.680 │ β=1.00 │ lr=2.5e-04
Epoch 0440 │ loss=1.6461 │ recon=0.850 │ kl=0.689 │ β=1.00 │ lr=2.5e-04
Epoch 0450 │ loss=1.6204 │ recon=1.001 │ kl=0.655 │ β=1.00 │ lr=2.5e-04
Epoch 0460 │ loss=1.6561 │ recon=0.967 │ kl=0.687 │ β=1.00 │ lr=2.5e-04
Epoch 0470 │ loss=1.6288 │ recon=1.137 │ kl=0.713 │ β=1.00 │ lr=2.5e-04
Epoch 0480 │ loss=1.6013 │ recon=0.826 │ kl=0.651 │ β=1.00 │ lr=2.5e-04
Epoch 0490 │ loss=1.6303 │ recon=0.746 │ kl=0.667 │ β=1.00 │ lr=2.5e-04
Epoch 0500 │ loss=1.6298 │ recon=0.663 │ kl=0.706 │ β=1.00 │ lr=2.5e-04
✅  Model saved to ./experiments/gat_hd64_ld32_nr3_ep500_nf3.0_dl1/model.pt
📈  Loss curve saved to vgae_loss.png
Novel: 100.00% (Baseline), 100.00% (VGAE)
Unique: 100.00% (Baseline), 99.50% (VGAE)
Novel and Unique: 100.00% (Baseline), 99.50% (VGAE)
Computing node-level statistics...
Computing node-level statistics...
Computing node-level statistics...

------------------------------------------------------------
Sender: LSF System <lsfadmin@hpc.dtu.dk>
Subject: Job 24883115: <graph_generations> in cluster <dcc> Done

Job <graph_generations> was submitted from host <n-62-20-1> by user <s185927> in cluster <dcc> at Sun May  4 10:42:31 2025
Job was executed on host(s) <8*n-62-20-11>, in queue <gpuv100>, as user <s185927> in cluster <dcc> at Sun May  4 10:42:31 2025
</zhome/e3/3/139772> was used as the home directory.
</zhome/e3/3/139772/Desktop/AML/AML/Module_3/AML-Project-3> was used as the working directory.
Started at Sun May  4 10:42:31 2025
Terminated at Sun May  4 11:06:19 2025
Results reported at Sun May  4 11:06:19 2025

Your job looked like:

------------------------------------------------------------
# LSBATCH: User input
#!/bin/bash
#BSUB -J graph_generations
#BSUB -q gpuv100
#BSUB -n 8
#BSUB -o logs/%J.out
#BSUB -e logs/%J.err
#BSUB -gpu "num=1:mode=exclusive_process"
#BSUB -W 5:00
#BSUB -R "span[hosts=1]"
#BSUB -R "rusage[mem=5GB]"
# end of BSUB options

module load cuda/11.8

source ~/Desktop/AML/aml_new/bin/activate

python -u src/main.py --mode 'train' --epochs 500 --lr 5e-4 --hidden_dim 64 --latent_dim 32 --num_enc_MP_rounds 3 --decoder gat  --neg_factor 3 --dec_layers 1 --heads 4 



------------------------------------------------------------

Successfully completed.

Resource usage summary:

    CPU time :                                   1420.00 sec.
    Max Memory :                                 680 MB
    Average Memory :                             659.09 MB
    Total Requested Memory :                     40960.00 MB
    Delta Memory :                               40280.00 MB
    Max Swap :                                   -
    Max Processes :                              4
    Max Threads :                                11
    Run time :                                   1544 sec.
    Turnaround time :                            1428 sec.

The output (if any) is above this job summary.



PS:

Read file <logs/24883115.err> for stderr output of this job.

