Loaded module: cuda/11.8
/zhome/e3/3/139772/Desktop/AML/aml_new/lib64/python3.9/site-packages/networkx/utils/backends.py:135: RuntimeWarning: networkx backend defined more than once: nx-loopback
  backends.update(_get_backends("networkx.backends"))
Traceback (most recent call last):
  File "/zhome/e3/3/139772/Desktop/AML/AML/Module_3/AML-Project-3/src/main.py", line 122, in <module>
    main(args)
  File "/zhome/e3/3/139772/Desktop/AML/AML/Module_3/AML-Project-3/src/main.py", line 29, in main
    plot_graphs(empirical_graphs, args.fig_dir, title='Empirical Graphs')
  File "/zhome/e3/3/139772/Desktop/AML/AML/Module_3/AML-Project-3/src/utils.py", line 254, in plot_graphs
    plt.savefig(f"{path}/{title}.png", dpi=300, bbox_inches='tight')
  File "/zhome/e3/3/139772/Desktop/AML/aml_new/lib64/python3.9/site-packages/matplotlib/pyplot.py", line 1228, in savefig
    res = fig.savefig(*args, **kwargs)  # type: ignore[func-returns-value]
  File "/zhome/e3/3/139772/Desktop/AML/aml_new/lib64/python3.9/site-packages/matplotlib/figure.py", line 3395, in savefig
    self.canvas.print_figure(fname, **kwargs)
  File "/zhome/e3/3/139772/Desktop/AML/aml_new/lib64/python3.9/site-packages/matplotlib/backend_bases.py", line 2175, in print_figure
    self.figure.draw(renderer)
  File "/zhome/e3/3/139772/Desktop/AML/aml_new/lib64/python3.9/site-packages/matplotlib/artist.py", line 95, in draw_wrapper
    result = draw(artist, renderer, *args, **kwargs)
  File "/zhome/e3/3/139772/Desktop/AML/aml_new/lib64/python3.9/site-packages/matplotlib/artist.py", line 72, in draw_wrapper
    return draw(artist, renderer)
  File "/zhome/e3/3/139772/Desktop/AML/aml_new/lib64/python3.9/site-packages/matplotlib/figure.py", line 3162, in draw
    mimage._draw_list_compositing_images(
  File "/zhome/e3/3/139772/Desktop/AML/aml_new/lib64/python3.9/site-packages/matplotlib/image.py", line 132, in _draw_list_compositing_images
    a.draw(renderer)
  File "/zhome/e3/3/139772/Desktop/AML/aml_new/lib64/python3.9/site-packages/matplotlib/artist.py", line 72, in draw_wrapper
    return draw(artist, renderer)
  File "/zhome/e3/3/139772/Desktop/AML/aml_new/lib64/python3.9/site-packages/matplotlib/axes/_base.py", line 3137, in draw
    mimage._draw_list_compositing_images(
  File "/zhome/e3/3/139772/Desktop/AML/aml_new/lib64/python3.9/site-packages/matplotlib/image.py", line 132, in _draw_list_compositing_images
    a.draw(renderer)
  File "/zhome/e3/3/139772/Desktop/AML/aml_new/lib64/python3.9/site-packages/matplotlib/artist.py", line 72, in draw_wrapper
    return draw(artist, renderer)
  File "/zhome/e3/3/139772/Desktop/AML/aml_new/lib64/python3.9/site-packages/matplotlib/collections.py", line 1005, in draw
    super().draw(renderer)
  File "/zhome/e3/3/139772/Desktop/AML/aml_new/lib64/python3.9/site-packages/matplotlib/artist.py", line 72, in draw_wrapper
    return draw(artist, renderer)
  File "/zhome/e3/3/139772/Desktop/AML/aml_new/lib64/python3.9/site-packages/matplotlib/collections.py", line 394, in draw
    extents = paths[0].get_extents(combined_transform)
  File "/zhome/e3/3/139772/Desktop/AML/aml_new/lib64/python3.9/site-packages/matplotlib/path.py", line 639, in get_extents
    _, dzeros = curve.axis_aligned_extrema()
  File "/zhome/e3/3/139772/Desktop/AML/aml_new/lib64/python3.9/site-packages/matplotlib/bezier.py", line 307, in axis_aligned_extrema
    r = np.roots(pi[::-1])
  File "/zhome/e3/3/139772/Desktop/AML/aml_new/lib64/python3.9/site-packages/numpy/lib/polynomial.py", line 255, in roots
    roots = eigvals(A)
  File "/zhome/e3/3/139772/Desktop/AML/aml_new/lib64/python3.9/site-packages/numpy/linalg/linalg.py", line 1074, in eigvals
    w = _umath_linalg.eigvals(a, signature=signature, extobj=extobj)
KeyboardInterrupt
